2023/08/21 15:16:42 [notice] 1#1: using the "epoll" event method
2023/08/21 15:16:42 [notice] 1#1: nginx/1.20.2
2023/08/21 15:16:42 [notice] 1#1: built by gcc 10.2.1 20210110 (Debian 10.2.1-6) 
2023/08/21 15:16:42 [notice] 1#1: OS: Linux 5.10.16.3-microsoft-standard-WSL2
2023/08/21 15:16:42 [notice] 1#1: getrlimit(RLIMIT_NOFILE): 1048576:1048576
2023/08/21 15:16:42 [notice] 1#1: start worker processes
2023/08/21 15:16:42 [notice] 1#1: start worker process 30
2023/08/21 15:16:42 [notice] 1#1: start worker process 31
2023/08/21 15:16:42 [notice] 1#1: start worker process 32
2023/08/21 15:16:42 [notice] 1#1: start worker process 33
2023/08/21 15:16:42 [notice] 1#1: start worker process 34
2023/08/21 15:16:42 [notice] 1#1: start worker process 35
2023/08/21 15:16:42 [notice] 1#1: start worker process 36
2023/08/21 15:16:42 [notice] 1#1: start worker process 37
2023/08/21 15:17:43 [notice] 1#1: signal 3 (SIGQUIT) received, shutting down
2023/08/21 15:17:43 [notice] 32#32: gracefully shutting down
2023/08/21 15:17:43 [notice] 32#32: exiting
2023/08/21 15:17:43 [notice] 31#31: gracefully shutting down
2023/08/21 15:17:43 [notice] 31#31: exiting
2023/08/21 15:17:43 [notice] 30#30: gracefully shutting down
2023/08/21 15:17:43 [notice] 36#36: gracefully shutting down
2023/08/21 15:17:43 [notice] 36#36: exiting
2023/08/21 15:17:43 [notice] 33#33: gracefully shutting down
2023/08/21 15:17:43 [notice] 37#37: gracefully shutting down
2023/08/21 15:17:43 [notice] 37#37: exiting
2023/08/21 15:17:43 [notice] 34#34: gracefully shutting down
2023/08/21 15:17:43 [notice] 34#34: exiting
2023/08/21 15:17:43 [notice] 35#35: gracefully shutting down
2023/08/21 15:17:43 [notice] 35#35: exiting
2023/08/21 15:17:43 [notice] 32#32: exit
2023/08/21 15:17:43 [notice] 31#31: exit
2023/08/21 15:17:43 [notice] 36#36: exit
2023/08/21 15:17:43 [notice] 33#33: exiting
2023/08/21 15:17:43 [notice] 37#37: exit
2023/08/21 15:17:43 [notice] 34#34: exit
2023/08/21 15:17:43 [notice] 35#35: exit
2023/08/21 15:17:43 [notice] 33#33: exit
2023/08/21 15:17:43 [notice] 1#1: signal 17 (SIGCHLD) received from 32
2023/08/21 15:17:43 [notice] 1#1: worker process 32 exited with code 0
2023/08/21 15:17:43 [notice] 1#1: signal 29 (SIGIO) received
2023/08/21 15:17:43 [notice] 1#1: signal 17 (SIGCHLD) received from 35
2023/08/21 15:17:43 [notice] 1#1: worker process 35 exited with code 0
2023/08/21 15:17:43 [notice] 1#1: worker process 36 exited with code 0
2023/08/21 15:17:43 [notice] 1#1: signal 29 (SIGIO) received
2023/08/21 15:17:43 [notice] 1#1: signal 17 (SIGCHLD) received from 33
2023/08/21 15:17:43 [notice] 1#1: worker process 31 exited with code 0
2023/08/21 15:17:43 [notice] 1#1: worker process 33 exited with code 0
2023/08/21 15:17:43 [notice] 1#1: worker process 34 exited with code 0
2023/08/21 15:17:43 [notice] 1#1: worker process 37 exited with code 0
2023/08/21 15:17:43 [notice] 1#1: signal 29 (SIGIO) received
2023/08/21 15:20:28 [notice] 1#1: using the "epoll" event method
2023/08/21 15:20:28 [notice] 1#1: nginx/1.20.2
2023/08/21 15:20:28 [notice] 1#1: built by gcc 10.2.1 20210110 (Debian 10.2.1-6) 
2023/08/21 15:20:28 [notice] 1#1: OS: Linux 5.10.16.3-microsoft-standard-WSL2
2023/08/21 15:20:28 [notice] 1#1: getrlimit(RLIMIT_NOFILE): 1048576:1048576
2023/08/21 15:20:28 [notice] 1#1: start worker processes
2023/08/21 15:20:28 [notice] 1#1: start worker process 30
2023/08/21 15:20:28 [notice] 1#1: start worker process 31
2023/08/21 15:20:28 [notice] 1#1: start worker process 32
2023/08/21 15:20:28 [notice] 1#1: start worker process 33
2023/08/21 15:20:28 [notice] 1#1: start worker process 34
2023/08/21 15:20:28 [notice] 1#1: start worker process 35
2023/08/21 15:20:28 [notice] 1#1: start worker process 36
2023/08/21 15:20:28 [notice] 1#1: start worker process 37
2023/08/21 15:24:19 [notice] 1#1: signal 3 (SIGQUIT) received, shutting down
2023/08/21 15:24:19 [notice] 30#30: gracefully shutting down
2023/08/21 15:24:19 [notice] 32#32: gracefully shutting down
2023/08/21 15:24:19 [notice] 31#31: gracefully shutting down
2023/08/21 15:24:19 [notice] 31#31: exiting
2023/08/21 15:24:19 [notice] 34#34: gracefully shutting down
2023/08/21 15:24:19 [notice] 33#33: gracefully shutting down
2023/08/21 15:24:19 [notice] 33#33: exiting
2023/08/21 15:24:19 [notice] 35#35: gracefully shutting down
2023/08/21 15:24:19 [notice] 36#36: gracefully shutting down
2023/08/21 15:24:19 [notice] 37#37: gracefully shutting down
2023/08/21 15:24:19 [notice] 30#30: exiting
2023/08/21 15:24:19 [notice] 32#32: exiting
2023/08/21 15:24:19 [notice] 31#31: exit
2023/08/21 15:24:19 [notice] 34#34: exiting
2023/08/21 15:24:19 [notice] 33#33: exit
2023/08/21 15:24:19 [notice] 35#35: exiting
2023/08/21 15:24:19 [notice] 36#36: exiting
2023/08/21 15:24:19 [notice] 37#37: exiting
2023/08/21 15:24:19 [notice] 30#30: exit
2023/08/21 15:24:19 [notice] 32#32: exit
2023/08/21 15:24:19 [notice] 34#34: exit
2023/08/21 15:24:19 [notice] 35#35: exit
2023/08/21 15:24:19 [notice] 36#36: exit
2023/08/21 15:24:19 [notice] 37#37: exit
2023/08/21 15:24:19 [notice] 1#1: signal 17 (SIGCHLD) received from 36
2023/08/21 15:24:19 [notice] 1#1: worker process 32 exited with code 0
2023/08/21 15:24:19 [notice] 1#1: worker process 34 exited with code 0
2023/08/21 15:24:19 [notice] 1#1: worker process 36 exited with code 0
2023/08/21 15:24:19 [notice] 1#1: worker process 37 exited with code 0
2023/08/21 15:24:19 [notice] 1#1: signal 29 (SIGIO) received
2023/08/21 15:24:19 [notice] 1#1: signal 17 (SIGCHLD) received from 32
2023/08/21 15:24:19 [notice] 1#1: signal 17 (SIGCHLD) received from 31
2023/08/21 15:24:19 [notice] 1#1: worker process 30 exited with code 0
2023/08/21 15:24:19 [notice] 1#1: worker process 31 exited with code 0
2023/08/21 15:24:19 [notice] 1#1: worker process 33 exited with code 0
2023/08/21 15:24:19 [notice] 1#1: signal 29 (SIGIO) received
2023/08/21 15:24:19 [notice] 1#1: signal 17 (SIGCHLD) received from 30
2023/08/21 15:24:19 [notice] 1#1: signal 17 (SIGCHLD) received from 35
2023/08/21 15:24:19 [notice] 1#1: worker process 35 exited with code 0
2023/08/21 15:24:19 [notice] 1#1: exit
2023/08/21 15:26:33 [notice] 1#1: using the "epoll" event method
2023/08/21 15:26:33 [notice] 1#1: nginx/1.20.2
2023/08/21 15:26:33 [notice] 1#1: built by gcc 10.2.1 20210110 (Debian 10.2.1-6) 
2023/08/21 15:26:33 [notice] 1#1: OS: Linux 5.10.16.3-microsoft-standard-WSL2
2023/08/21 15:26:33 [notice] 1#1: getrlimit(RLIMIT_NOFILE): 1048576:1048576
2023/08/21 15:26:33 [notice] 1#1: start worker processes
2023/08/21 15:26:33 [notice] 1#1: start worker process 30
2023/08/21 15:26:33 [notice] 1#1: start worker process 31
2023/08/21 15:26:33 [notice] 1#1: start worker process 32
2023/08/21 15:26:33 [notice] 1#1: start worker process 33
2023/08/21 15:26:33 [notice] 1#1: start worker process 34
2023/08/21 15:26:33 [notice] 1#1: start worker process 35
2023/08/21 15:26:33 [notice] 1#1: start worker process 36
2023/08/21 15:26:33 [notice] 1#1: start worker process 37
2023/08/21 15:35:50 [notice] 1#1: signal 3 (SIGQUIT) received, shutting down
2023/08/21 15:35:50 [notice] 30#30: gracefully shutting down
2023/08/21 15:35:50 [notice] 33#33: gracefully shutting down
2023/08/21 15:35:50 [notice] 35#35: gracefully shutting down
2023/08/21 15:35:50 [notice] 32#32: gracefully shutting down
2023/08/21 15:35:50 [notice] 31#31: gracefully shutting down
2023/08/21 15:35:50 [notice] 36#36: gracefully shutting down
2023/08/21 15:35:50 [notice] 37#37: gracefully shutting down
2023/08/21 15:35:50 [notice] 34#34: gracefully shutting down
2023/08/21 15:35:50 [notice] 30#30: exiting
2023/08/21 15:35:50 [notice] 33#33: exiting
2023/08/21 15:35:50 [notice] 35#35: exiting
2023/08/21 15:35:50 [notice] 32#32: exiting
2023/08/21 15:35:50 [notice] 31#31: exiting
2023/08/21 15:35:50 [notice] 36#36: exiting
2023/08/21 15:35:50 [notice] 37#37: exiting
2023/08/21 15:35:50 [notice] 34#34: exiting
2023/08/21 15:35:50 [notice] 30#30: exit
2023/08/21 15:35:50 [notice] 33#33: exit
2023/08/21 15:35:50 [notice] 35#35: exit
2023/08/21 15:35:50 [notice] 32#32: exit
2023/08/21 15:35:50 [notice] 31#31: exit
2023/08/21 15:35:50 [notice] 36#36: exit
2023/08/21 15:35:50 [notice] 37#37: exit
2023/08/21 15:35:50 [notice] 34#34: exit
2023/08/21 15:35:50 [notice] 1#1: signal 17 (SIGCHLD) received from 30
2023/08/21 15:35:50 [notice] 1#1: worker process 30 exited with code 0
2023/08/21 15:35:50 [notice] 1#1: signal 29 (SIGIO) received
2023/08/21 15:35:50 [notice] 1#1: signal 17 (SIGCHLD) received from 37
2023/08/21 15:35:50 [notice] 1#1: worker process 32 exited with code 0
2023/08/21 15:35:50 [notice] 1#1: worker process 34 exited with code 0
2023/08/21 15:35:50 [notice] 1#1: worker process 37 exited with code 0
2023/08/21 15:35:50 [notice] 1#1: signal 29 (SIGIO) received
2023/08/21 15:35:50 [notice] 1#1: signal 17 (SIGCHLD) received from 32
2023/08/21 15:35:50 [notice] 1#1: signal 17 (SIGCHLD) received from 35
2023/08/21 15:35:50 [notice] 1#1: worker process 31 exited with code 0
2023/08/21 15:35:50 [notice] 1#1: worker process 33 exited with code 0
2023/08/21 15:35:50 [notice] 1#1: worker process 35 exited with code 0
2023/08/21 15:35:50 [notice] 1#1: worker process 36 exited with code 0
2023/08/21 15:35:50 [notice] 1#1: exit
2023/08/21 15:36:30 [notice] 1#1: using the "epoll" event method
2023/08/21 15:36:30 [notice] 1#1: nginx/1.20.2
2023/08/21 15:36:30 [notice] 1#1: built by gcc 10.2.1 20210110 (Debian 10.2.1-6) 
2023/08/21 15:36:30 [notice] 1#1: OS: Linux 5.10.16.3-microsoft-standard-WSL2
2023/08/21 15:36:30 [notice] 1#1: getrlimit(RLIMIT_NOFILE): 1048576:1048576
2023/08/21 15:36:30 [notice] 1#1: start worker processes
2023/08/21 15:36:30 [notice] 1#1: start worker process 30
2023/08/21 15:36:30 [notice] 1#1: start worker process 31
2023/08/21 15:36:30 [notice] 1#1: start worker process 32
2023/08/21 15:36:30 [notice] 1#1: start worker process 33
2023/08/21 15:36:30 [notice] 1#1: start worker process 34
2023/08/21 15:36:30 [notice] 1#1: start worker process 35
2023/08/21 15:36:30 [notice] 1#1: start worker process 36
2023/08/21 15:36:30 [notice] 1#1: start worker process 37
2023/08/21 15:45:24 [notice] 1#1: signal 3 (SIGQUIT) received, shutting down
2023/08/21 15:45:24 [notice] 30#30: gracefully shutting down
2023/08/21 15:45:24 [notice] 31#31: gracefully shutting down
2023/08/21 15:45:24 [notice] 33#33: gracefully shutting down
2023/08/21 15:45:24 [notice] 34#34: gracefully shutting down
2023/08/21 15:45:24 [notice] 35#35: gracefully shutting down
2023/08/21 15:45:24 [notice] 32#32: gracefully shutting down
2023/08/21 15:45:24 [notice] 36#36: gracefully shutting down
2023/08/21 15:45:24 [notice] 30#30: exiting
2023/08/21 15:45:24 [notice] 37#37: gracefully shutting down
2023/08/21 15:45:24 [notice] 31#31: exiting
2023/08/21 15:45:24 [notice] 33#33: exiting
2023/08/21 15:45:24 [notice] 34#34: exiting
2023/08/21 15:45:24 [notice] 35#35: exiting
2023/08/21 15:45:24 [notice] 32#32: exiting
2023/08/21 15:45:24 [notice] 36#36: exiting
2023/08/21 15:45:24 [notice] 30#30: exit
2023/08/21 15:45:24 [notice] 37#37: exiting
2023/08/21 15:45:24 [notice] 31#31: exit
2023/08/21 15:45:24 [notice] 33#33: exit
2023/08/21 15:45:24 [notice] 34#34: exit
2023/08/21 15:45:24 [notice] 35#35: exit
2023/08/21 15:45:24 [notice] 32#32: exit
2023/08/21 15:45:24 [notice] 36#36: exit
2023/08/21 15:45:24 [notice] 37#37: exit
2023/08/21 15:45:24 [notice] 1#1: signal 17 (SIGCHLD) received from 31
2023/08/21 15:45:24 [notice] 1#1: worker process 30 exited with code 0
2023/08/21 15:45:24 [notice] 1#1: worker process 31 exited with code 0
2023/08/21 15:45:24 [notice] 1#1: signal 29 (SIGIO) received
2023/08/21 15:45:24 [notice] 1#1: signal 17 (SIGCHLD) received from 36
2023/08/21 15:45:24 [notice] 1#1: worker process 32 exited with code 0
2023/08/21 15:45:24 [notice] 1#1: worker process 33 exited with code 0
2023/08/21 15:45:24 [notice] 1#1: worker process 34 exited with code 0
2023/08/21 15:45:24 [notice] 1#1: worker process 35 exited with code 0
2023/08/21 15:45:24 [notice] 1#1: worker process 36 exited with code 0
2023/08/21 15:45:24 [notice] 1#1: worker process 37 exited with code 0
2023/08/21 15:45:24 [notice] 1#1: exit
2023/08/21 15:45:41 [notice] 1#1: using the "epoll" event method
2023/08/21 15:45:41 [notice] 1#1: nginx/1.20.2
2023/08/21 15:45:41 [notice] 1#1: built by gcc 10.2.1 20210110 (Debian 10.2.1-6) 
2023/08/21 15:45:41 [notice] 1#1: OS: Linux 5.10.16.3-microsoft-standard-WSL2
2023/08/21 15:45:41 [notice] 1#1: getrlimit(RLIMIT_NOFILE): 1048576:1048576
2023/08/21 15:45:41 [notice] 1#1: start worker processes
2023/08/21 15:45:41 [notice] 1#1: start worker process 30
2023/08/21 15:45:41 [notice] 1#1: start worker process 31
2023/08/21 15:45:41 [notice] 1#1: start worker process 32
2023/08/21 15:45:41 [notice] 1#1: start worker process 33
2023/08/21 15:45:41 [notice] 1#1: start worker process 34
2023/08/21 15:45:41 [notice] 1#1: start worker process 35
2023/08/21 15:45:41 [notice] 1#1: start worker process 36
2023/08/21 15:45:41 [notice] 1#1: start worker process 37
2023/08/21 15:48:30 [notice] 1#1: signal 3 (SIGQUIT) received, shutting down
2023/08/21 15:48:30 [notice] 30#30: gracefully shutting down
2023/08/21 15:48:30 [notice] 30#30: exiting
2023/08/21 15:48:30 [notice] 31#31: gracefully shutting down
2023/08/21 15:48:30 [notice] 32#32: gracefully shutting down
2023/08/21 15:48:30 [notice] 32#32: exiting
2023/08/21 15:48:30 [notice] 35#35: gracefully shutting down
2023/08/21 15:48:30 [notice] 35#35: exiting
2023/08/21 15:48:30 [notice] 36#36: gracefully shutting down
2023/08/21 15:48:30 [notice] 36#36: exiting
2023/08/21 15:48:30 [notice] 33#33: gracefully shutting down
2023/08/21 15:48:30 [notice] 33#33: exiting
2023/08/21 15:48:30 [notice] 37#37: gracefully shutting down
2023/08/21 15:48:30 [notice] 34#34: gracefully shutting down
2023/08/21 15:48:30 [notice] 30#30: exit
2023/08/21 15:48:30 [notice] 31#31: exiting
2023/08/21 15:48:30 [notice] 32#32: exit
2023/08/21 15:48:30 [notice] 35#35: exit
2023/08/21 15:48:30 [notice] 36#36: exit
2023/08/21 15:48:30 [notice] 33#33: exit
2023/08/21 15:48:30 [notice] 37#37: exiting
2023/08/21 15:48:30 [notice] 34#34: exiting
2023/08/21 15:48:30 [notice] 31#31: exit
2023/08/21 15:48:30 [notice] 37#37: exit
2023/08/21 15:48:30 [notice] 34#34: exit
2023/08/21 15:48:30 [notice] 1#1: signal 17 (SIGCHLD) received from 35
2023/08/21 15:48:30 [notice] 1#1: worker process 30 exited with code 0
2023/08/21 15:48:30 [notice] 1#1: worker process 32 exited with code 0
2023/08/21 15:48:30 [notice] 1#1: worker process 34 exited with code 0
2023/08/21 15:48:30 [notice] 1#1: worker process 35 exited with code 0
2023/08/21 15:48:30 [notice] 1#1: signal 29 (SIGIO) received
2023/08/21 15:48:30 [notice] 1#1: signal 17 (SIGCHLD) received from 33
2023/08/21 15:48:30 [notice] 1#1: worker process 33 exited with code 0
2023/08/21 15:48:30 [notice] 1#1: worker process 37 exited with code 0
2023/08/21 15:48:30 [notice] 1#1: signal 29 (SIGIO) received
2023/08/21 15:48:30 [notice] 1#1: signal 17 (SIGCHLD) received from 31
2023/08/21 15:48:30 [notice] 1#1: worker process 31 exited with code 0
2023/08/21 15:48:30 [notice] 1#1: signal 29 (SIGIO) received
2023/08/21 15:48:30 [notice] 1#1: signal 17 (SIGCHLD) received from 36
2023/08/21 15:48:30 [notice] 1#1: worker process 36 exited with code 0
2023/08/21 15:48:30 [notice] 1#1: exit
2023/08/21 15:50:50 [notice] 1#1: using the "epoll" event method
2023/08/21 15:50:50 [notice] 1#1: nginx/1.20.2
2023/08/21 15:50:50 [notice] 1#1: built by gcc 10.2.1 20210110 (Debian 10.2.1-6) 
2023/08/21 15:50:50 [notice] 1#1: OS: Linux 5.10.16.3-microsoft-standard-WSL2
2023/08/21 15:50:50 [notice] 1#1: getrlimit(RLIMIT_NOFILE): 1048576:1048576
2023/08/21 15:50:50 [notice] 1#1: start worker processes
2023/08/21 15:50:50 [notice] 1#1: start worker process 30
2023/08/21 15:50:50 [notice] 1#1: start worker process 31
2023/08/21 15:50:50 [notice] 1#1: start worker process 32
2023/08/21 15:50:50 [notice] 1#1: start worker process 33
2023/08/21 15:50:50 [notice] 1#1: start worker process 34
2023/08/21 15:50:50 [notice] 1#1: start worker process 35
2023/08/21 15:50:50 [notice] 1#1: start worker process 36
2023/08/21 15:50:50 [notice] 1#1: start worker process 37
2023/08/21 15:57:17 [notice] 1#1: signal 3 (SIGQUIT) received, shutting down
2023/08/21 15:57:17 [notice] 30#30: gracefully shutting down
2023/08/21 15:57:17 [notice] 31#31: gracefully shutting down
2023/08/21 15:57:17 [notice] 31#31: exiting
2023/08/21 15:57:17 [notice] 33#33: gracefully shutting down
2023/08/21 15:57:17 [notice] 32#32: gracefully shutting down
2023/08/21 15:57:17 [notice] 34#34: gracefully shutting down
2023/08/21 15:57:17 [notice] 34#34: exiting
2023/08/21 15:57:17 [notice] 36#36: gracefully shutting down
2023/08/21 15:57:17 [notice] 36#36: exiting
2023/08/21 15:57:17 [notice] 35#35: gracefully shutting down
2023/08/21 15:57:17 [notice] 35#35: exiting
2023/08/21 15:57:17 [notice] 37#37: gracefully shutting down
2023/08/21 15:57:17 [notice] 37#37: exiting
2023/08/21 15:57:17 [notice] 30#30: exiting
2023/08/21 15:57:17 [notice] 30#30: exit
2023/08/21 15:57:17 [notice] 31#31: exit
2023/08/21 15:57:17 [notice] 33#33: exiting
2023/08/21 15:57:17 [notice] 33#33: exit
2023/08/21 15:57:17 [notice] 32#32: exiting
2023/08/21 15:57:17 [notice] 32#32: exit
2023/08/21 15:57:17 [notice] 34#34: exit
2023/08/21 15:57:17 [notice] 36#36: exit
2023/08/21 15:57:17 [notice] 35#35: exit
2023/08/21 15:57:17 [notice] 37#37: exit
2023/08/21 15:57:17 [notice] 1#1: signal 17 (SIGCHLD) received from 31
2023/08/21 15:57:17 [notice] 1#1: worker process 31 exited with code 0
2023/08/21 15:57:17 [notice] 1#1: signal 29 (SIGIO) received
2023/08/21 15:57:17 [notice] 1#1: signal 17 (SIGCHLD) received from 35
2023/08/21 15:57:17 [notice] 1#1: worker process 30 exited with code 0
2023/08/21 15:57:17 [notice] 1#1: worker process 32 exited with code 0
2023/08/21 15:57:17 [notice] 1#1: worker process 33 exited with code 0
2023/08/21 15:57:17 [notice] 1#1: worker process 34 exited with code 0
2023/08/21 15:57:17 [notice] 1#1: worker process 35 exited with code 0
2023/08/21 15:57:17 [notice] 1#1: worker process 36 exited with code 0
2023/08/21 15:57:17 [notice] 1#1: worker process 37 exited with code 0
2023/08/21 15:57:17 [notice] 1#1: exit
2023/08/21 16:03:33 [notice] 1#1: using the "epoll" event method
2023/08/21 16:03:33 [notice] 1#1: nginx/1.20.2
2023/08/21 16:03:33 [notice] 1#1: built by gcc 10.2.1 20210110 (Debian 10.2.1-6) 
2023/08/21 16:03:33 [notice] 1#1: OS: Linux 5.10.16.3-microsoft-standard-WSL2
2023/08/21 16:03:33 [notice] 1#1: getrlimit(RLIMIT_NOFILE): 1048576:1048576
2023/08/21 16:03:33 [notice] 1#1: start worker processes
2023/08/21 16:03:33 [notice] 1#1: start worker process 30
2023/08/21 16:03:33 [notice] 1#1: start worker process 31
2023/08/21 16:03:33 [notice] 1#1: start worker process 32
2023/08/21 16:03:33 [notice] 1#1: start worker process 33
2023/08/21 16:03:33 [notice] 1#1: start worker process 34
2023/08/21 16:03:33 [notice] 1#1: start worker process 35
2023/08/21 16:03:33 [notice] 1#1: start worker process 36
2023/08/21 16:03:33 [notice] 1#1: start worker process 37
2023/08/21 16:04:51 [notice] 1#1: signal 3 (SIGQUIT) received, shutting down
2023/08/21 16:04:51 [notice] 30#30: gracefully shutting down
2023/08/21 16:04:51 [notice] 36#36: gracefully shutting down
2023/08/21 16:04:51 [notice] 31#31: gracefully shutting down
2023/08/21 16:04:51 [notice] 34#34: gracefully shutting down
2023/08/21 16:04:51 [notice] 35#35: gracefully shutting down
2023/08/21 16:04:51 [notice] 35#35: exiting
2023/08/21 16:04:51 [notice] 33#33: gracefully shutting down
2023/08/21 16:04:51 [notice] 32#32: gracefully shutting down
2023/08/21 16:04:51 [notice] 37#37: gracefully shutting down
2023/08/21 16:04:51 [notice] 30#30: exiting
2023/08/21 16:04:51 [notice] 37#37: exiting
2023/08/21 16:04:51 [notice] 36#36: exiting
2023/08/21 16:04:51 [notice] 31#31: exiting
2023/08/21 16:04:51 [notice] 34#34: exiting
2023/08/21 16:04:51 [notice] 35#35: exit
2023/08/21 16:04:51 [notice] 33#33: exiting
2023/08/21 16:04:51 [notice] 32#32: exiting
2023/08/21 16:04:51 [notice] 30#30: exit
2023/08/21 16:04:51 [notice] 37#37: exit
2023/08/21 16:04:51 [notice] 36#36: exit
2023/08/21 16:04:51 [notice] 31#31: exit
2023/08/21 16:04:51 [notice] 34#34: exit
2023/08/21 16:04:51 [notice] 33#33: exit
2023/08/21 16:04:51 [notice] 32#32: exit
2023/08/21 16:04:51 [notice] 1#1: signal 17 (SIGCHLD) received from 32
2023/08/21 16:04:51 [notice] 1#1: worker process 32 exited with code 0
2023/08/21 16:04:51 [notice] 1#1: signal 29 (SIGIO) received
2023/08/21 16:04:51 [notice] 1#1: signal 17 (SIGCHLD) received from 34
2023/08/21 16:04:51 [notice] 1#1: worker process 30 exited with code 0
2023/08/21 16:04:51 [notice] 1#1: worker process 34 exited with code 0
2023/08/21 16:04:51 [notice] 1#1: signal 29 (SIGIO) received
2023/08/21 16:04:51 [notice] 1#1: signal 17 (SIGCHLD) received from 30
2023/08/21 16:04:51 [notice] 1#1: signal 17 (SIGCHLD) received from 33
2023/08/21 16:04:51 [notice] 1#1: worker process 31 exited with code 0
2023/08/21 16:04:51 [notice] 1#1: worker process 33 exited with code 0
2023/08/21 16:04:51 [notice] 1#1: worker process 37 exited with code 0
2023/08/21 16:04:51 [notice] 1#1: signal 29 (SIGIO) received
2023/08/21 16:04:51 [notice] 1#1: signal 17 (SIGCHLD) received from 35
2023/08/21 16:04:51 [notice] 1#1: worker process 35 exited with code 0
2023/08/21 16:04:51 [notice] 1#1: worker process 36 exited with code 0
2023/08/21 16:04:51 [notice] 1#1: exit
2023/08/21 16:11:25 [notice] 1#1: using the "epoll" event method
2023/08/21 16:11:25 [notice] 1#1: nginx/1.20.2
2023/08/21 16:11:25 [notice] 1#1: built by gcc 10.2.1 20210110 (Debian 10.2.1-6) 
2023/08/21 16:11:25 [notice] 1#1: OS: Linux 5.10.16.3-microsoft-standard-WSL2
2023/08/21 16:11:25 [notice] 1#1: getrlimit(RLIMIT_NOFILE): 1048576:1048576
2023/08/21 16:11:25 [notice] 1#1: start worker processes
2023/08/21 16:11:25 [notice] 1#1: start worker process 30
2023/08/21 16:11:25 [notice] 1#1: start worker process 31
2023/08/21 16:11:25 [notice] 1#1: start worker process 32
2023/08/21 16:11:25 [notice] 1#1: start worker process 33
2023/08/21 16:11:25 [notice] 1#1: start worker process 34
2023/08/21 16:11:25 [notice] 1#1: start worker process 35
2023/08/21 16:11:25 [notice] 1#1: start worker process 36
2023/08/21 16:11:25 [notice] 1#1: start worker process 37
2023/08/21 16:19:50 [notice] 1#1: signal 3 (SIGQUIT) received, shutting down
2023/08/21 16:19:50 [notice] 30#30: gracefully shutting down
2023/08/21 16:19:50 [notice] 30#30: exiting
2023/08/21 16:19:50 [notice] 32#32: gracefully shutting down
2023/08/21 16:19:50 [notice] 34#34: gracefully shutting down
2023/08/21 16:19:50 [notice] 35#35: gracefully shutting down
2023/08/21 16:19:50 [notice] 31#31: gracefully shutting down
2023/08/21 16:19:50 [notice] 36#36: gracefully shutting down
2023/08/21 16:19:50 [notice] 36#36: exiting
2023/08/21 16:19:50 [notice] 37#37: gracefully shutting down
2023/08/21 16:19:50 [notice] 33#33: gracefully shutting down
2023/08/21 16:19:50 [notice] 30#30: exit
2023/08/21 16:19:50 [notice] 32#32: exiting
2023/08/21 16:19:50 [notice] 34#34: exiting
2023/08/21 16:19:50 [notice] 35#35: exiting
2023/08/21 16:19:50 [notice] 31#31: exiting
2023/08/21 16:19:50 [notice] 31#31: exit
2023/08/21 16:19:50 [notice] 36#36: exit
2023/08/21 16:19:50 [notice] 37#37: exiting
2023/08/21 16:19:50 [notice] 33#33: exiting
2023/08/21 16:19:50 [notice] 32#32: exit
2023/08/21 16:19:50 [notice] 34#34: exit
2023/08/21 16:19:50 [notice] 35#35: exit
2023/08/21 16:19:50 [notice] 37#37: exit
2023/08/21 16:19:50 [notice] 33#33: exit
2023/08/21 16:19:50 [notice] 1#1: signal 17 (SIGCHLD) received from 31
2023/08/21 16:19:50 [notice] 1#1: worker process 31 exited with code 0
2023/08/21 16:19:50 [notice] 1#1: worker process 32 exited with code 0
2023/08/21 16:19:50 [notice] 1#1: worker process 37 exited with code 0
2023/08/21 16:19:50 [notice] 1#1: signal 29 (SIGIO) received
2023/08/21 16:19:50 [notice] 1#1: signal 17 (SIGCHLD) received from 32
2023/08/21 16:19:50 [notice] 1#1: signal 17 (SIGCHLD) received from 30
2023/08/21 16:19:50 [notice] 1#1: worker process 30 exited with code 0
2023/08/21 16:19:50 [notice] 1#1: worker process 36 exited with code 0
2023/08/21 16:19:50 [notice] 1#1: signal 29 (SIGIO) received
2023/08/21 16:19:50 [notice] 1#1: signal 17 (SIGCHLD) received from 36
2023/08/21 16:19:50 [notice] 1#1: signal 17 (SIGCHLD) received from 34
2023/08/21 16:19:50 [notice] 1#1: worker process 33 exited with code 0
2023/08/21 16:19:50 [notice] 1#1: worker process 34 exited with code 0
2023/08/21 16:19:50 [notice] 1#1: worker process 35 exited with code 0
2023/08/21 16:19:50 [notice] 1#1: exit
2023/08/21 16:20:11 [notice] 1#1: using the "epoll" event method
2023/08/21 16:20:11 [notice] 1#1: nginx/1.20.2
2023/08/21 16:20:11 [notice] 1#1: built by gcc 10.2.1 20210110 (Debian 10.2.1-6) 
2023/08/21 16:20:11 [notice] 1#1: OS: Linux 5.10.16.3-microsoft-standard-WSL2
2023/08/21 16:20:11 [notice] 1#1: getrlimit(RLIMIT_NOFILE): 1048576:1048576
2023/08/21 16:20:11 [notice] 1#1: start worker processes
2023/08/21 16:20:11 [notice] 1#1: start worker process 30
2023/08/21 16:20:11 [notice] 1#1: start worker process 31
2023/08/21 16:20:11 [notice] 1#1: start worker process 32
2023/08/21 16:20:11 [notice] 1#1: start worker process 33
2023/08/21 16:20:11 [notice] 1#1: start worker process 34
2023/08/21 16:20:11 [notice] 1#1: start worker process 35
2023/08/21 16:20:11 [notice] 1#1: start worker process 36
2023/08/21 16:20:11 [notice] 1#1: start worker process 37
2023/08/22 07:54:26 [notice] 1#1: using the "epoll" event method
2023/08/22 07:54:26 [notice] 1#1: nginx/1.20.2
2023/08/22 07:54:26 [notice] 1#1: built by gcc 10.2.1 20210110 (Debian 10.2.1-6) 
2023/08/22 07:54:26 [notice] 1#1: OS: Linux 5.10.16.3-microsoft-standard-WSL2
2023/08/22 07:54:26 [notice] 1#1: getrlimit(RLIMIT_NOFILE): 1048576:1048576
2023/08/22 07:54:26 [notice] 1#1: start worker processes
2023/08/22 07:54:26 [notice] 1#1: start worker process 30
2023/08/22 07:54:26 [notice] 1#1: start worker process 31
2023/08/22 07:54:26 [notice] 1#1: start worker process 32
2023/08/22 07:54:26 [notice] 1#1: start worker process 33
2023/08/22 07:54:26 [notice] 1#1: start worker process 34
2023/08/22 07:54:26 [notice] 1#1: start worker process 35
2023/08/22 07:54:26 [notice] 1#1: start worker process 36
2023/08/22 07:54:26 [notice] 1#1: start worker process 37
2023/08/22 09:42:53 [notice] 1#1: signal 3 (SIGQUIT) received, shutting down
2023/08/22 09:42:53 [notice] 30#30: gracefully shutting down
2023/08/22 09:42:53 [notice] 30#30: exiting
2023/08/22 09:42:53 [notice] 35#35: gracefully shutting down
2023/08/22 09:42:53 [notice] 36#36: gracefully shutting down
2023/08/22 09:42:53 [notice] 35#35: exiting
2023/08/22 09:42:53 [notice] 34#34: gracefully shutting down
2023/08/22 09:42:53 [notice] 34#34: exiting
2023/08/22 09:42:53 [notice] 33#33: gracefully shutting down
2023/08/22 09:42:53 [notice] 31#31: gracefully shutting down
2023/08/22 09:42:53 [notice] 33#33: exiting
2023/08/22 09:42:53 [notice] 32#32: gracefully shutting down
2023/08/22 09:42:53 [notice] 33#33: exit
2023/08/22 09:42:53 [notice] 32#32: exiting
2023/08/22 09:42:53 [notice] 37#37: gracefully shutting down
2023/08/22 09:42:53 [notice] 37#37: exiting
2023/08/22 09:42:53 [notice] 30#30: exit
2023/08/22 09:42:53 [notice] 36#36: exiting
2023/08/22 09:42:53 [notice] 35#35: exit
2023/08/22 09:42:53 [notice] 34#34: exit
2023/08/22 09:42:53 [notice] 31#31: exiting
2023/08/22 09:42:53 [notice] 31#31: exit
2023/08/22 09:42:53 [notice] 32#32: exit
2023/08/22 09:42:53 [notice] 37#37: exit
2023/08/22 09:42:53 [notice] 36#36: exit
2023/08/22 09:42:53 [notice] 1#1: signal 17 (SIGCHLD) received from 30
2023/08/22 09:42:53 [notice] 1#1: worker process 30 exited with code 0
2023/08/22 09:42:53 [notice] 1#1: worker process 32 exited with code 0
2023/08/22 09:42:53 [notice] 1#1: worker process 33 exited with code 0
2023/08/22 09:42:53 [notice] 1#1: worker process 35 exited with code 0
2023/08/22 09:42:53 [notice] 1#1: worker process 36 exited with code 0
2023/08/22 09:42:53 [notice] 1#1: worker process 37 exited with code 0
2023/08/22 09:42:53 [notice] 1#1: signal 29 (SIGIO) received
2023/08/22 09:42:53 [notice] 1#1: signal 17 (SIGCHLD) received from 33
2023/08/22 09:42:53 [notice] 1#1: signal 17 (SIGCHLD) received from 31
2023/08/22 09:42:53 [notice] 1#1: worker process 31 exited with code 0
2023/08/22 09:42:53 [notice] 1#1: worker process 34 exited with code 0
2023/08/22 09:42:53 [notice] 1#1: exit
2023/08/22 09:50:15 [notice] 1#1: using the "epoll" event method
2023/08/22 09:50:15 [notice] 1#1: nginx/1.20.2
2023/08/22 09:50:15 [notice] 1#1: built by gcc 10.2.1 20210110 (Debian 10.2.1-6) 
2023/08/22 09:50:15 [notice] 1#1: OS: Linux 5.10.16.3-microsoft-standard-WSL2
2023/08/22 09:50:15 [notice] 1#1: getrlimit(RLIMIT_NOFILE): 1048576:1048576
2023/08/22 09:50:15 [notice] 1#1: start worker processes
2023/08/22 09:50:15 [notice] 1#1: start worker process 30
2023/08/22 09:50:15 [notice] 1#1: start worker process 31
2023/08/22 09:50:15 [notice] 1#1: start worker process 32
2023/08/22 09:50:15 [notice] 1#1: start worker process 33
2023/08/22 09:50:15 [notice] 1#1: start worker process 34
2023/08/22 09:50:15 [notice] 1#1: start worker process 35
2023/08/22 09:50:15 [notice] 1#1: start worker process 36
2023/08/22 09:50:15 [notice] 1#1: start worker process 37
2023/08/22 09:56:27 [notice] 1#1: signal 3 (SIGQUIT) received, shutting down
2023/08/22 09:56:27 [notice] 30#30: gracefully shutting down
2023/08/22 09:56:27 [notice] 31#31: gracefully shutting down
2023/08/22 09:56:27 [notice] 31#31: exiting
2023/08/22 09:56:27 [notice] 33#33: gracefully shutting down
2023/08/22 09:56:27 [notice] 31#31: exit
2023/08/22 09:56:27 [notice] 34#34: gracefully shutting down
2023/08/22 09:56:27 [notice] 36#36: gracefully shutting down
2023/08/22 09:56:27 [notice] 37#37: gracefully shutting down
2023/08/22 09:56:27 [notice] 37#37: exiting
2023/08/22 09:56:27 [notice] 32#32: gracefully shutting down
2023/08/22 09:56:27 [notice] 35#35: gracefully shutting down
2023/08/22 09:56:27 [notice] 35#35: exiting
2023/08/22 09:56:27 [notice] 30#30: exiting
2023/08/22 09:56:27 [notice] 33#33: exiting
2023/08/22 09:56:27 [notice] 34#34: exiting
2023/08/22 09:56:27 [notice] 36#36: exiting
2023/08/22 09:56:27 [notice] 37#37: exit
2023/08/22 09:56:27 [notice] 32#32: exiting
2023/08/22 09:56:27 [notice] 35#35: exit
2023/08/22 09:56:27 [notice] 30#30: exit
2023/08/22 09:56:27 [notice] 33#33: exit
2023/08/22 09:56:27 [notice] 34#34: exit
2023/08/22 09:56:27 [notice] 36#36: exit
2023/08/22 09:56:27 [notice] 32#32: exit
2023/08/22 09:56:27 [notice] 1#1: signal 17 (SIGCHLD) received from 31
2023/08/22 09:56:27 [notice] 1#1: worker process 31 exited with code 0
2023/08/22 09:56:27 [notice] 1#1: signal 29 (SIGIO) received
2023/08/22 09:56:27 [notice] 1#1: signal 17 (SIGCHLD) received from 37
2023/08/22 09:56:27 [notice] 1#1: worker process 30 exited with code 0
2023/08/22 09:56:27 [notice] 1#1: worker process 32 exited with code 0
2023/08/22 09:56:27 [notice] 1#1: worker process 33 exited with code 0
2023/08/22 09:56:27 [notice] 1#1: worker process 35 exited with code 0
2023/08/22 09:56:27 [notice] 1#1: worker process 36 exited with code 0
2023/08/22 09:56:27 [notice] 1#1: worker process 37 exited with code 0
2023/08/22 09:56:27 [notice] 1#1: signal 29 (SIGIO) received
2023/08/22 09:56:27 [notice] 1#1: signal 17 (SIGCHLD) received from 30
2023/08/22 09:56:27 [notice] 1#1: signal 17 (SIGCHLD) received from 34
2023/08/22 09:56:27 [notice] 1#1: worker process 34 exited with code 0
2023/08/22 09:56:27 [notice] 1#1: exit
2023/08/22 09:56:42 [notice] 1#1: using the "epoll" event method
2023/08/22 09:56:42 [notice] 1#1: nginx/1.20.2
2023/08/22 09:56:42 [notice] 1#1: built by gcc 10.2.1 20210110 (Debian 10.2.1-6) 
2023/08/22 09:56:42 [notice] 1#1: OS: Linux 5.10.16.3-microsoft-standard-WSL2
2023/08/22 09:56:42 [notice] 1#1: getrlimit(RLIMIT_NOFILE): 1048576:1048576
2023/08/22 09:56:42 [notice] 1#1: start worker processes
2023/08/22 09:56:42 [notice] 1#1: start worker process 30
2023/08/22 09:56:42 [notice] 1#1: start worker process 31
2023/08/22 09:56:42 [notice] 1#1: start worker process 32
2023/08/22 09:56:42 [notice] 1#1: start worker process 33
2023/08/22 09:56:42 [notice] 1#1: start worker process 34
2023/08/22 09:56:42 [notice] 1#1: start worker process 35
2023/08/22 09:56:42 [notice] 1#1: start worker process 36
2023/08/22 09:56:42 [notice] 1#1: start worker process 37
2023/08/22 09:57:18 [notice] 1#1: signal 3 (SIGQUIT) received, shutting down
2023/08/22 09:57:18 [notice] 30#30: gracefully shutting down
2023/08/22 09:57:18 [notice] 31#31: gracefully shutting down
2023/08/22 09:57:18 [notice] 31#31: exiting
2023/08/22 09:57:18 [notice] 32#32: gracefully shutting down
2023/08/22 09:57:18 [notice] 32#32: exiting
2023/08/22 09:57:18 [notice] 35#35: gracefully shutting down
2023/08/22 09:57:18 [notice] 35#35: exiting
2023/08/22 09:57:18 [notice] 33#33: gracefully shutting down
2023/08/22 09:57:18 [notice] 33#33: exiting
2023/08/22 09:57:18 [notice] 36#36: gracefully shutting down
2023/08/22 09:57:18 [notice] 34#34: gracefully shutting down
2023/08/22 09:57:18 [notice] 37#37: gracefully shutting down
2023/08/22 09:57:18 [notice] 37#37: exiting
2023/08/22 09:57:18 [notice] 30#30: exiting
2023/08/22 09:57:18 [notice] 31#31: exit
2023/08/22 09:57:18 [notice] 32#32: exit
2023/08/22 09:57:18 [notice] 35#35: exit
2023/08/22 09:57:18 [notice] 33#33: exit
2023/08/22 09:57:18 [notice] 36#36: exiting
2023/08/22 09:57:18 [notice] 36#36: exit
2023/08/22 09:57:18 [notice] 34#34: exiting
2023/08/22 09:57:18 [notice] 37#37: exit
2023/08/22 09:57:18 [notice] 30#30: exit
2023/08/22 09:57:18 [notice] 34#34: exit
2023/08/22 09:57:18 [notice] 1#1: signal 17 (SIGCHLD) received from 33
2023/08/22 09:57:18 [notice] 1#1: worker process 31 exited with code 0
2023/08/22 09:57:18 [notice] 1#1: worker process 32 exited with code 0
2023/08/22 09:57:18 [notice] 1#1: worker process 33 exited with code 0
2023/08/22 09:57:18 [notice] 1#1: worker process 37 exited with code 0
2023/08/22 09:57:18 [notice] 1#1: signal 29 (SIGIO) received
2023/08/22 09:57:18 [notice] 1#1: signal 17 (SIGCHLD) received from 35
2023/08/22 09:57:18 [notice] 1#1: worker process 34 exited with code 0
2023/08/22 09:57:18 [notice] 1#1: worker process 35 exited with code 0
2023/08/22 09:57:18 [notice] 1#1: signal 29 (SIGIO) received
2023/08/22 09:57:18 [notice] 1#1: signal 17 (SIGCHLD) received from 34
2023/08/22 09:57:18 [notice] 1#1: signal 17 (SIGCHLD) received from 36
2023/08/22 09:57:18 [notice] 1#1: worker process 30 exited with code 0
2023/08/22 09:57:18 [notice] 1#1: worker process 36 exited with code 0
2023/08/22 09:57:18 [notice] 1#1: exit
2023/08/22 09:57:34 [notice] 1#1: using the "epoll" event method
2023/08/22 09:57:34 [notice] 1#1: nginx/1.20.2
2023/08/22 09:57:34 [notice] 1#1: built by gcc 10.2.1 20210110 (Debian 10.2.1-6) 
2023/08/22 09:57:34 [notice] 1#1: OS: Linux 5.10.16.3-microsoft-standard-WSL2
2023/08/22 09:57:34 [notice] 1#1: getrlimit(RLIMIT_NOFILE): 1048576:1048576
2023/08/22 09:57:34 [notice] 1#1: start worker processes
2023/08/22 09:57:34 [notice] 1#1: start worker process 30
2023/08/22 09:57:34 [notice] 1#1: start worker process 31
2023/08/22 09:57:34 [notice] 1#1: start worker process 32
2023/08/22 09:57:34 [notice] 1#1: start worker process 33
2023/08/22 09:57:34 [notice] 1#1: start worker process 34
2023/08/22 09:57:34 [notice] 1#1: start worker process 35
2023/08/22 09:57:34 [notice] 1#1: start worker process 36
2023/08/22 09:57:34 [notice] 1#1: start worker process 37
2023/08/22 09:59:11 [notice] 1#1: signal 3 (SIGQUIT) received, shutting down
2023/08/22 09:59:11 [notice] 30#30: gracefully shutting down
2023/08/22 09:59:11 [notice] 32#32: gracefully shutting down
2023/08/22 09:59:11 [notice] 33#33: gracefully shutting down
2023/08/22 09:59:11 [notice] 36#36: gracefully shutting down
2023/08/22 09:59:11 [notice] 35#35: gracefully shutting down
2023/08/22 09:59:11 [notice] 31#31: gracefully shutting down
2023/08/22 09:59:11 [notice] 37#37: gracefully shutting down
2023/08/22 09:59:11 [notice] 34#34: gracefully shutting down
2023/08/22 09:59:11 [notice] 34#34: exiting
2023/08/22 09:59:11 [notice] 30#30: exiting
2023/08/22 09:59:11 [notice] 32#32: exiting
2023/08/22 09:59:11 [notice] 33#33: exiting
2023/08/22 09:59:11 [notice] 36#36: exiting
2023/08/22 09:59:11 [notice] 35#35: exiting
2023/08/22 09:59:11 [notice] 31#31: exiting
2023/08/22 09:59:11 [notice] 37#37: exiting
2023/08/22 09:59:11 [notice] 34#34: exit
2023/08/22 09:59:11 [notice] 30#30: exit
2023/08/22 09:59:11 [notice] 32#32: exit
2023/08/22 09:59:11 [notice] 33#33: exit
2023/08/22 09:59:11 [notice] 36#36: exit
2023/08/22 09:59:11 [notice] 35#35: exit
2023/08/22 09:59:11 [notice] 31#31: exit
2023/08/22 09:59:11 [notice] 37#37: exit
2023/08/22 09:59:11 [notice] 1#1: signal 17 (SIGCHLD) received from 37
2023/08/22 09:59:11 [notice] 1#1: worker process 37 exited with code 0
2023/08/22 09:59:11 [notice] 1#1: signal 29 (SIGIO) received
2023/08/22 09:59:11 [notice] 1#1: signal 17 (SIGCHLD) received from 30
2023/08/22 09:59:11 [notice] 1#1: worker process 30 exited with code 0
2023/08/22 09:59:11 [notice] 1#1: worker process 36 exited with code 0
2023/08/22 09:59:11 [notice] 1#1: signal 29 (SIGIO) received
2023/08/22 09:59:11 [notice] 1#1: signal 17 (SIGCHLD) received from 35
2023/08/22 09:59:11 [notice] 1#1: worker process 31 exited with code 0
2023/08/22 09:59:11 [notice] 1#1: worker process 33 exited with code 0
2023/08/22 09:59:11 [notice] 1#1: worker process 34 exited with code 0
2023/08/22 09:59:11 [notice] 1#1: worker process 35 exited with code 0
2023/08/22 09:59:11 [notice] 1#1: signal 29 (SIGIO) received
2023/08/22 09:59:11 [notice] 1#1: signal 17 (SIGCHLD) received from 34
2023/08/22 09:59:11 [notice] 1#1: signal 17 (SIGCHLD) received from 32
2023/08/22 09:59:11 [notice] 1#1: worker process 32 exited with code 0
2023/08/22 09:59:11 [notice] 1#1: exit
2023/08/22 09:59:27 [notice] 1#1: using the "epoll" event method
2023/08/22 09:59:27 [notice] 1#1: nginx/1.20.2
2023/08/22 09:59:27 [notice] 1#1: built by gcc 10.2.1 20210110 (Debian 10.2.1-6) 
2023/08/22 09:59:27 [notice] 1#1: OS: Linux 5.10.16.3-microsoft-standard-WSL2
2023/08/22 09:59:27 [notice] 1#1: getrlimit(RLIMIT_NOFILE): 1048576:1048576
2023/08/22 09:59:27 [notice] 1#1: start worker processes
2023/08/22 09:59:27 [notice] 1#1: start worker process 30
2023/08/22 09:59:27 [notice] 1#1: start worker process 31
2023/08/22 09:59:27 [notice] 1#1: start worker process 32
2023/08/22 09:59:27 [notice] 1#1: start worker process 33
2023/08/22 09:59:27 [notice] 1#1: start worker process 34
2023/08/22 09:59:27 [notice] 1#1: start worker process 35
2023/08/22 09:59:27 [notice] 1#1: start worker process 36
2023/08/22 09:59:27 [notice] 1#1: start worker process 37
2023/08/22 10:05:06 [notice] 1#1: signal 3 (SIGQUIT) received, shutting down
2023/08/22 10:05:06 [notice] 30#30: gracefully shutting down
2023/08/22 10:05:06 [notice] 33#33: gracefully shutting down
2023/08/22 10:05:06 [notice] 34#34: gracefully shutting down
2023/08/22 10:05:06 [notice] 31#31: gracefully shutting down
2023/08/22 10:05:06 [notice] 32#32: gracefully shutting down
2023/08/22 10:05:06 [notice] 35#35: gracefully shutting down
2023/08/22 10:05:06 [notice] 36#36: gracefully shutting down
2023/08/22 10:05:06 [notice] 37#37: gracefully shutting down
2023/08/22 10:05:06 [notice] 30#30: exiting
2023/08/22 10:05:06 [notice] 33#33: exiting
2023/08/22 10:05:06 [notice] 33#33: exit
2023/08/22 10:05:06 [notice] 34#34: exiting
2023/08/22 10:05:06 [notice] 31#31: exiting
2023/08/22 10:05:06 [notice] 32#32: exiting
2023/08/22 10:05:06 [notice] 35#35: exiting
2023/08/22 10:05:06 [notice] 36#36: exiting
2023/08/22 10:05:06 [notice] 37#37: exiting
2023/08/22 10:05:06 [notice] 30#30: exit
2023/08/22 10:05:06 [notice] 34#34: exit
2023/08/22 10:05:06 [notice] 31#31: exit
2023/08/22 10:05:06 [notice] 32#32: exit
2023/08/22 10:05:06 [notice] 35#35: exit
2023/08/22 10:05:06 [notice] 36#36: exit
2023/08/22 10:05:06 [notice] 37#37: exit
2023/08/22 10:05:06 [notice] 1#1: signal 17 (SIGCHLD) received from 37
2023/08/22 10:05:06 [notice] 1#1: worker process 37 exited with code 0
2023/08/22 10:05:06 [notice] 1#1: signal 29 (SIGIO) received
2023/08/22 10:05:06 [notice] 1#1: signal 17 (SIGCHLD) received from 35
2023/08/22 10:05:06 [notice] 1#1: worker process 34 exited with code 0
2023/08/22 10:05:06 [notice] 1#1: worker process 35 exited with code 0
2023/08/22 10:05:06 [notice] 1#1: worker process 36 exited with code 0
2023/08/22 10:05:06 [notice] 1#1: signal 29 (SIGIO) received
2023/08/22 10:05:06 [notice] 1#1: signal 17 (SIGCHLD) received from 32
2023/08/22 10:05:06 [notice] 1#1: worker process 31 exited with code 0
2023/08/22 10:05:06 [notice] 1#1: worker process 32 exited with code 0
2023/08/22 10:05:06 [notice] 1#1: worker process 33 exited with code 0
2023/08/22 10:05:06 [notice] 1#1: signal 29 (SIGIO) received
2023/08/22 10:05:06 [notice] 1#1: signal 17 (SIGCHLD) received from 33
2023/08/22 10:05:06 [notice] 1#1: signal 17 (SIGCHLD) received from 30
2023/08/22 10:05:06 [notice] 1#1: worker process 30 exited with code 0
2023/08/22 10:05:06 [notice] 1#1: exit
